# JRE version: Java(TM) SE Runtime Environment (8.0_66-b18) (build 1.8.0_66-b18)
# Java VM: Java HotSpot(TM) 64-Bit Server VM (25.66-b18 mixed mode windows-amd64 compressed oops)
Heap:
 PSYoungGen      total 50176K, used 11032K [0x00000007bc400000, 0x00000007c0000000, 0x00000007c0000000)
  eden space 38912K, 17% used [0x00000007bc400000,0x00000007bca8e458,0x00000007bea00000)
  from space 11264K, 38% used [0x00000007bea00000,0x00000007bee37cb0,0x00000007bf500000)
  to   space 11264K, 0% used [0x00000007bf500000,0x00000007bf500000,0x00000007c0000000)
 ParOldGen       total 111616K, used 52730K [0x0000000700000000, 0x0000000706d00000, 0x00000007bc400000)
  object space 111616K, 47% used [0x0000000700000000,0x000000070337e910,0x0000000706d00000)
 Metaspace       used 60288K, capacity 60688K, committed 61300K, reserved 1101824K
  class space    used 8625K, capacity 8712K, committed 8820K, reserved 1048576K
GC Heap History (10 events):
Event: 1011.598 GC heap before
{Heap before GC invocations=95 (full 6):
 PSYoungGen      total 50176K, used 46230K [0x00000007bc400000, 0x00000007c0000000, 0x00000007c0000000)
  eden space 38912K, 100% used [0x00000007bc400000,0x00000007bea00000,0x00000007bea00000)
  from space 11264K, 64% used [0x00000007bf500000,0x00000007bfc25b50,0x00000007c0000000)
  to   space 11264K, 0% used [0x00000007bea00000,0x00000007bea00000,0x00000007bf500000)
 ParOldGen       total 111616K, used 48473K [0x0000000700000000, 0x0000000706d00000, 0x00000007bc400000)
  object space 111616K, 43% used [0x0000000700000000,0x0000000702f567e0,0x0000000706d00000)
 Metaspace       used 60129K, capacity 60560K, committed 61300K, reserved 1101824K
  class space    used 8624K, capacity 8712K, committed 8820K, reserved 1048576K
Event: 1011.606 GC heap after
Heap after GC invocations=95 (full 6):
 PSYoungGen      total 50176K, used 7480K [0x00000007bc400000, 0x00000007c0000000, 0x00000007c0000000)
  eden space 38912K, 0% used [0x00000007bc400000,0x00000007bc400000,0x00000007bea00000)
  from space 11264K, 66% used [0x00000007bea00000,0x00000007bf14e0a0,0x00000007bf500000)
  to   space 11264K, 0% used [0x00000007bf500000,0x00000007bf500000,0x00000007c0000000)
 ParOldGen       total 111616K, used 48569K [0x0000000700000000, 0x0000000706d00000, 0x00000007bc400000)
  object space 111616K, 43% used [0x0000000700000000,0x0000000702f6e7e0,0x0000000706d00000)
 Metaspace       used 60129K, capacity 60560K, committed 61300K, reserved 1101824K
  class space    used 8624K, capacity 8712K, committed 8820K, reserved 1048576K
}
Event: 1019.634 GC heap before
{Heap before GC invocations=96 (full 6):
 PSYoungGen      total 50176K, used 46392K [0x00000007bc400000, 0x00000007c0000000, 0x00000007c0000000)
  eden space 38912K, 100% used [0x00000007bc400000,0x00000007bea00000,0x00000007bea00000)
  from space 11264K, 66% used [0x00000007bea00000,0x00000007bf14e0a0,0x00000007bf500000)
  to   space 11264K, 0% used [0x00000007bf500000,0x00000007bf500000,0x00000007c0000000)
 ParOldGen       total 111616K, used 48569K [0x0000000700000000, 0x0000000706d00000, 0x00000007bc400000)
  object space 111616K, 43% used [0x0000000700000000,0x0000000702f6e7e0,0x0000000706d00000)
 Metaspace       used 60207K, capacity 60624K, committed 61300K, reserved 1101824K
  class space    used 8625K, capacity 8712K, committed 8820K, reserved 1048576K
Event: 1019.641 GC heap after
Heap after GC invocations=96 (full 6):
 PSYoungGen      total 50176K, used 8276K [0x00000007bc400000, 0x00000007c0000000, 0x00000007c0000000)
  eden space 38912K, 0% used [0x00000007bc400000,0x00000007bc400000,0x00000007bea00000)
  from space 11264K, 73% used [0x00000007bf500000,0x00000007bfd15120,0x00000007c0000000)
  to   space 11264K, 0% used [0x00000007bea00000,0x00000007bea00000,0x00000007bf500000)
 ParOldGen       total 111616K, used 48625K [0x0000000700000000, 0x0000000706d00000, 0x00000007bc400000)
  object space 111616K, 43% used [0x0000000700000000,0x0000000702f7c7e0,0x0000000706d00000)
 Metaspace       used 60207K, capacity 60624K, committed 61300K, reserved 1101824K
  class space    used 8625K, capacity 8712K, committed 8820K, reserved 1048576K
}
Event: 1049.658 GC heap before
{Heap before GC invocations=97 (full 6):
 PSYoungGen      total 50176K, used 47188K [0x00000007bc400000, 0x00000007c0000000, 0x00000007c0000000)
  eden space 38912K, 100% used [0x00000007bc400000,0x00000007bea00000,0x00000007bea00000)
  from space 11264K, 73% used [0x00000007bf500000,0x00000007bfd15120,0x00000007c0000000)
  to   space 11264K, 0% used [0x00000007bea00000,0x00000007bea00000,0x00000007bf500000)
 ParOldGen       total 111616K, used 48625K [0x0000000700000000, 0x0000000706d00000, 0x00000007bc400000)
  object space 111616K, 43% used [0x0000000700000000,0x0000000702f7c7e0,0x0000000706d00000)
 Metaspace       used 60227K, capacity 60624K, committed 61300K, reserved 1101824K
  class space    used 8625K, capacity 8712K, committed 8820K, reserved 1048576K
Event: 1049.667 GC heap after
Heap after GC invocations=97 (full 6):
 PSYoungGen      total 50176K, used 7488K [0x00000007bc400000, 0x00000007c0000000, 0x00000007c0000000)
  eden space 38912K, 0% used [0x00000007bc400000,0x00000007bc400000,0x00000007bea00000)
  from space 11264K, 66% used [0x00000007bea00000,0x00000007bf1501e8,0x00000007bf500000)
  to   space 11264K, 0% used [0x00000007bf500000,0x00000007bf500000,0x00000007c0000000)
 ParOldGen       total 111616K, used 49594K [0x0000000700000000, 0x0000000706d00000, 0x00000007bc400000)
  object space 111616K, 44% used [0x0000000700000000,0x000000070306e860,0x0000000706d00000)
 Metaspace       used 60227K, capacity 60624K, committed 61300K, reserved 1101824K
  class space    used 8625K, capacity 8712K, committed 8820K, reserved 1048576K
}
Event: 1053.720 GC heap before
{Heap before GC invocations=98 (full 6):
 PSYoungGen      total 50176K, used 46400K [0x00000007bc400000, 0x00000007c0000000, 0x00000007c0000000)
  eden space 38912K, 100% used [0x00000007bc400000,0x00000007bea00000,0x00000007bea00000)
  from space 11264K, 66% used [0x00000007bea00000,0x00000007bf1501e8,0x00000007bf500000)
  to   space 11264K, 0% used [0x00000007bf500000,0x00000007bf500000,0x00000007c0000000)
 ParOldGen       total 111616K, used 49594K [0x0000000700000000, 0x0000000706d00000, 0x00000007bc400000)
  object space 111616K, 44% used [0x0000000700000000,0x000000070306e860,0x0000000706d00000)
 Metaspace       used 60247K, capacity 60624K, committed 61300K, reserved 1101824K
  class space    used 8625K, capacity 8712K, committed 8820K, reserved 1048576K
Event: 1053.727 GC heap after
Heap after GC invocations=98 (full 6):
 PSYoungGen      total 50176K, used 5598K [0x00000007bc400000, 0x00000007c0000000, 0x00000007c0000000)
  eden space 38912K, 0% used [0x00000007bc400000,0x00000007bc400000,0x00000007bea00000)
  from space 11264K, 49% used [0x00000007bf500000,0x00000007bfa77b88,0x00000007c0000000)
  to   space 11264K, 0% used [0x00000007bea00000,0x00000007bea00000,0x00000007bf500000)
 ParOldGen       total 111616K, used 51570K [0x0000000700000000, 0x0000000706d00000, 0x00000007bc400000)
  object space 111616K, 46% used [0x0000000700000000,0x000000070325c9e0,0x0000000706d00000)
 Metaspace       used 60247K, capacity 60624K, committed 61300K, reserved 1101824K
  class space    used 8625K, capacity 8712K, committed 8820K, reserved 1048576K
}
Event: 1054.327 GC heap before
{Heap before GC invocations=99 (full 6):
 PSYoungGen      total 50176K, used 44510K [0x00000007bc400000, 0x00000007c0000000, 0x00000007c0000000)
  eden space 38912K, 100% used [0x00000007bc400000,0x00000007bea00000,0x00000007bea00000)
  from space 11264K, 49% used [0x00000007bf500000,0x00000007bfa77b88,0x00000007c0000000)
  to   space 11264K, 0% used [0x00000007bea00000,0x00000007bea00000,0x00000007bf500000)
 ParOldGen       total 111616K, used 51570K [0x0000000700000000, 0x0000000706d00000, 0x00000007bc400000)
  object space 111616K, 46% used [0x0000000700000000,0x000000070325c9e0,0x0000000706d00000)
 Metaspace       used 60259K, capacity 60688K, committed 61300K, reserved 1101824K
  class space    used 8625K, capacity 8712K, committed 8820K, reserved 1048576K
Event: 1054.334 GC heap after
Heap after GC invocations=99 (full 6):
 PSYoungGen      total 50176K, used 4319K [0x00000007bc400000, 0x00000007c0000000, 0x00000007c0000000)
  eden space 38912K, 0% used [0x00000007bc400000,0x00000007bc400000,0x00000007bea00000)
  from space 11264K, 38% used [0x00000007bea00000,0x00000007bee37cb0,0x00000007bf500000)
  to   space 11264K, 0% used [0x00000007bf500000,0x00000007bf500000,0x00000007c0000000)
 ParOldGen       total 111616K, used 52730K [0x0000000700000000, 0x0000000706d00000, 0x00000007bc400000)
  object space 111616K, 47% used [0x0000000700000000,0x000000070337e910,0x0000000706d00000)
 Metaspace       used 60259K, capacity 60688K, committed 61300K, reserved 1101824K
  class space    used 8625K, capacity 8712K, committed 8820K, reserved 1048576K
}

